Traceback (most recent call last):
  File "postme.py", line 17, in <module>
    import cTestLib
  File "/home/kakitone/postme/cTestLib.py", line 12, in <module>
    import scipy.stats
ImportError: No module named scipy.stats
Traceback (most recent call last):
  File "postme.py", line 17, in <module>
    import cTestLib
  File "/home/kakitone/postme/cTestLib.py", line 12, in <module>
    import scipy.stats
ImportError: No module named scipy.stats
Traceback (most recent call last):
  File "postme.py", line 17, in <module>
    import cTestLib
  File "/home/kakitone/postme/cTestLib.py", line 12, in <module>
    import scipy.stats
ImportError: No module named scipy.stats
Hello
Time 0.420253992081
Traceback (most recent call last):
  File "postme.py", line 76, in <module>
    mainFlow(folderName, mummerLink, contigsFilename, readsFilename, useSpades, noAlignment, scoreListOutputName, outputContigsFilename, mScoreThres, conScoreThres)
  File "postme.py", line 29, in mainFlow
    targetToSourceReadsNamesDic = houseKeeperLib.transformFileHeaders(folderName, inputReadsFilename, readsFilename)
  File "/home/kakitone/postme/houseKeeperLib.py", line 11, in transformFileHeaders
    targetList = list(SeqIO.parse(folderName + inputFastaName, "fasta"))
  File "/home/kakitone/venv/local/lib/python2.7/site-packages/Bio/SeqIO/__init__.py", line 583, in parse
    with as_handle(handle, mode) as fp:
  File "/usr/lib/python2.7/contextlib.py", line 17, in __enter__
    return self.gen.next()
  File "/home/kakitone/venv/local/lib/python2.7/site-packages/Bio/File.py", line 90, in as_handle
    with open(handleish, mode, **kwargs) as fp:
IOError: [Errno 2] No such file or directory: '/home/kakitone/tmpkk/datafolder/LR.fasta'
Traceback (most recent call last):
  File "postme.py", line 76, in <module>
    mainFlow(folderName, mummerLink, contigsFilename, readsFilename, useSpades, noAlignment, scoreListOutputName, outputContigsFilename, mScoreThres, conScoreThres)
  File "postme.py", line 29, in mainFlow
    targetToSourceReadsNamesDic = houseKeeperLib.transformFileHeaders(folderName, inputReadsFilename, readsFilename)
  File "/home/kakitone/postme/houseKeeperLib.py", line 11, in transformFileHeaders
    targetList = list(SeqIO.parse(folderName + inputFastaName, "fasta"))
  File "/home/kakitone/venv/local/lib/python2.7/site-packages/Bio/SeqIO/__init__.py", line 583, in parse
    with as_handle(handle, mode) as fp:
  File "/usr/lib/python2.7/contextlib.py", line 17, in __enter__
    return self.gen.next()
  File "/home/kakitone/venv/local/lib/python2.7/site-packages/Bio/File.py", line 90, in as_handle
    with open(handleish, mode, **kwargs) as fp:
IOError: [Errno 2] No such file or directory: '/home/kakitone/tmpkk/datafolder/LR.fasta'
Traceback (most recent call last):
  File "postme.py", line 76, in <module>
    mainFlow(folderName, mummerLink, contigsFilename, readsFilename, useSpades, noAlignment, scoreListOutputName, outputContigsFilename, mScoreThres, conScoreThres)
  File "postme.py", line 29, in mainFlow
    targetToSourceReadsNamesDic = houseKeeperLib.transformFileHeaders(folderName, inputReadsFilename, readsFilename)
  File "/home/kakitone/postme/houseKeeperLib.py", line 11, in transformFileHeaders
    targetList = list(SeqIO.parse(folderName + inputFastaName, "fasta"))
  File "/home/kakitone/venv/local/lib/python2.7/site-packages/Bio/SeqIO/__init__.py", line 583, in parse
    with as_handle(handle, mode) as fp:
  File "/usr/lib/python2.7/contextlib.py", line 17, in __enter__
    return self.gen.next()
  File "/home/kakitone/venv/local/lib/python2.7/site-packages/Bio/File.py", line 90, in as_handle
    with open(handleish, mode, **kwargs) as fp:
IOError: [Errno 2] No such file or directory: '/home/kakitone/tmpkk/datafolder/LR.fasta'
Hello
Time 17.8958499432
Traceback (most recent call last):
  File "dataAnalysisLib.py", line 78, in <module>
    quastPath = houseKeeperLib.trailingFolderCorrection(args['quastPath'])
  File "/home/kakitone/postme/houseKeeperLib.py", line 33, in trailingFolderCorrection
    return folderName if folderName[-1] == "/" else folderName + "/"
TypeError: 'NoneType' object has no attribute '__getitem__'
1: PREPARING DATA
1: PREPARING DATA
1: PREPARING DATA
1: PREPARING DATA
1: PREPARING DATA
1: PREPARING DATA
1: PREPARING DATA
1: PREPARING DATA
1: PREPARING DATA
1: PREPARING DATA
1: PREPARING DATA
1: PREPARING DATA
1: PREPARING DATA
1: PREPARING DATA
1: PREPARING DATA
1: PREPARING DATA
1: PREPARING DATA
1: PREPARING DATA
1: PREPARING DATA
1: PREPARING DATA
2,3: RUNNING mummer AND CREATING CLUSTERS
# reading input file "/home/kakitone/tmpkk/datafolder/readToContigHeader13.ntref" 2,3: RUNNING mummer AND CREATING CLUSTERS
# reading input file "/home/kakitone/tmpkk/datafolder/readToContigHeader03.ntref" 2,3: RUNNING mummer AND CREATING CLUSTERS
# reading input file "/home/kakitone/tmpkk/datafolder/readToContigHeader11.ntref" 2,3: RUNNING mummer AND CREATING CLUSTERS
2,3: RUNNING mummer AND CREATING CLUSTERS
# reading input file "/home/kakitone/tmpkk/datafolder/readToContigHeader00.ntref" # reading input file "/home/kakitone/tmpkk/datafolder/readToContigHeader19.ntref" 2,3: RUNNING mummer AND CREATING CLUSTERS
# reading input file "/home/kakitone/tmpkk/datafolder/readToContigHeader06.ntref" 2,3: RUNNING mummer AND CREATING CLUSTERS
# reading input file "/home/kakitone/tmpkk/datafolder/readToContigHeader18.ntref" 2,3: RUNNING mummer AND CREATING CLUSTERS
2,3: RUNNING mummer AND CREATING CLUSTERS
# reading input file "/home/kakitone/tmpkk/datafolder/readToContigHeader08.ntref" # reading input file "/home/kakitone/tmpkk/datafolder/readToContigHeader12.ntref" 2,3: RUNNING mummer AND CREATING CLUSTERS
2,3: RUNNING mummer AND CREATING CLUSTERS
2,3: RUNNING mummer AND CREATING CLUSTERS
# reading input file "/home/kakitone/tmpkk/datafolder/readToContigHeader01.ntref" # reading input file "/home/kakitone/tmpkk/datafolder/readToContigHeader07.ntref" # reading input file "/home/kakitone/tmpkk/datafolder/readToContigHeader10.ntref" 2,3: RUNNING mummer AND CREATING CLUSTERS
# reading input file "/home/kakitone/tmpkk/datafolder/readToContigHeader04.ntref" 2,3: RUNNING mummer AND CREATING CLUSTERS
# reading input file "/home/kakitone/tmpkk/datafolder/readToContigHeader15.ntref" 2,3: RUNNING mummer AND CREATING CLUSTERS
# reading input file "/home/kakitone/tmpkk/datafolder/readToContigHeader09.ntref" 2,3: RUNNING mummer AND CREATING CLUSTERS
# reading input file "/home/kakitone/tmpkk/datafolder/readToContigHeader16.ntref" 2,3: RUNNING mummer AND CREATING CLUSTERS
# reading input file "/home/kakitone/tmpkk/datafolder/readToContigHeader17.ntref" 2,3: RUNNING mummer AND CREATING CLUSTERS
# reading input file "/home/kakitone/tmpkk/datafolder/readToContigHeader14.ntref" 2,3: RUNNING mummer AND CREATING CLUSTERS
# reading input file "/home/kakitone/tmpkk/datafolder/readToContigHeader05.ntref" 2,3: RUNNING mummer AND CREATING CLUSTERS
# reading input file "/home/kakitone/tmpkk/datafolder/readToContigHeader02.ntref" of length 95979563
# construct suffix tree for sequence of length 95979563
# (maximum reference length is 536870908)
# (maximum query length is 4294967295)
# process 959795 characters per dot
of length 95979563
# construct suffix tree for sequence of length 95979563
# (maximum reference length is 536870908)
# (maximum query length is 4294967295)
# process 959795 characters per dot
of length 95979563
# construct suffix tree for sequence of length 95979563
# (maximum reference length is 536870908)
# (maximum query length is 4294967295)
# process 959795 characters per dot
of length 95979563
# construct suffix tree for sequence of length 95979563
# (maximum reference length is 536870908)
# (maximum query length is 4294967295)
# process 959795 characters per dot
of length 95979563
# construct suffix tree for sequence of length 95979563
# (maximum reference length is 536870908)
# (maximum query length is 4294967295)
# process 959795 characters per dot
of length 95979563
# construct suffix tree for sequence of length 95979563
# (maximum reference length is 536870908)
# (maximum query length is 4294967295)
# process 959795 characters per dot
of length 95979563
# construct suffix tree for sequence of length 95979563
# (maximum reference length is 536870908)
# (maximum query length is 4294967295)
# process 959795 characters per dot
#.of length 95979563
# construct suffix tree for sequence of length 95979563
# (maximum reference length is 536870908)
# (maximum query length is 4294967295)
# process 959795 characters per dot
of length 95979563
# construct suffix tree for sequence of length 95979563
# (maximum reference length is 536870908)
# (maximum query length is 4294967295)
# process 959795 characters per dot
of length 95979563
# construct suffix tree for sequence of length 95979563
# (maximum reference length is 536870908)
# (maximum query length is 4294967295)
# process 959795 characters per dot
of length 95979563
# construct suffix tree for sequence of length 95979563
# (maximum reference length is 536870908)
# (maximum query length is 4294967295)
# process 959795 characters per dot
of length 95979563
# construct suffix tree for sequence of length 95979563
# (maximum reference length is 536870908)
# (maximum query length is 4294967295)
# process 959795 characters per dot
#.#.of length 95979563
# construct suffix tree for sequence of length 95979563
# (maximum reference length is 536870908)
# (maximum query length is 4294967295)
# process 959795 characters per dot
of length 95979563
# construct suffix tree for sequence of length 95979563
# (maximum reference length is 536870908)
# (maximum query length is 4294967295)
# process 959795 characters per dot
of length 95979563
# construct suffix tree for sequence of length 95979563
# (maximum reference length is 536870908)
# (maximum query length is 4294967295)
# process 959795 characters per dot
of length 95979563
# construct suffix tree for sequence of length 95979563
# (maximum reference length is 536870908)
# (maximum query length is 4294967295)
# process 959795 characters per dot
#.#.of length 95979563
# construct suffix tree for sequence of length 95979563
# (maximum reference length is 536870908)
# (maximum query length is 4294967295)
# process 959795 characters per dot
#.#.#.#.#.#.#.of length 95979563
# construct suffix tree for sequence of length 95979563
# (maximum reference length is 536870908)
# (maximum query length is 4294967295)
# process 959795 characters per dot
.#.#.#.of length 95979563
# construct suffix tree for sequence of length 95979563
# (maximum reference length is 536870908)
# (maximum query length is 4294967295)
# process 959795 characters per dot
#..#..of length 95979563
# construct suffix tree for sequence of length 95979563
# (maximum reference length is 536870908)
# (maximum query length is 4294967295)
# process 959795 characters per dot
.#.......#......#...........................................................................................................................................................................................................................................................................................................................................................................................................................................................................................................................................................................................................................................................................................................................................................................................................................................................................................................................................................................................................................................................................................................................................................................................................................................................................................................................................................................................................................................................................................................................................................................................................................................................................................................................................................................................................................................................................................................................
# CONSTRUCTIONTIME /usr/bin/mummer /home/kakitone/tmpkk/datafolder/readToContigHeader03.ntref 57.47
# reading input file "/home/kakitone/tmpkk/datafolder/split_03_tmpraw_reads.fasta" ......
# CONSTRUCTIONTIME /usr/bin/mummer /home/kakitone/tmpkk/datafolder/readToContigHeader15.ntref 57.58
# reading input file "/home/kakitone/tmpkk/datafolder/split_15_tmpraw_reads.fasta" .....of length 34985547
# matching query-file "/home/kakitone/tmpkk/datafolder/split_03_tmpraw_reads.fasta"
# against subject-file "/home/kakitone/tmpkk/datafolder/readToContigHeader03.ntref"
.......of length 36099349
# matching query-file "/home/kakitone/tmpkk/datafolder/split_15_tmpraw_reads.fasta"
# against subject-file "/home/kakitone/tmpkk/datafolder/readToContigHeader15.ntref"
..............
# CONSTRUCTIONTIME /usr/bin/mummer /home/kakitone/tmpkk/datafolder/readToContigHeader08.ntref 58.44
# reading input file "/home/kakitone/tmpkk/datafolder/split_08_tmpraw_reads.fasta" .....of length 35218083
# matching query-file "/home/kakitone/tmpkk/datafolder/split_08_tmpraw_reads.fasta"
# against subject-file "/home/kakitone/tmpkk/datafolder/readToContigHeader08.ntref"
......
# CONSTRUCTIONTIME /usr/bin/mummer /home/kakitone/tmpkk/datafolder/readToContigHeader19.ntref 58.99
# reading input file "/home/kakitone/tmpkk/datafolder/split_19_tmpraw_reads.fasta" .........of length 35363228
# matching query-file "/home/kakitone/tmpkk/datafolder/split_19_tmpraw_reads.fasta"
# against subject-file "/home/kakitone/tmpkk/datafolder/readToContigHeader19.ntref"
..................
# CONSTRUCTIONTIME /usr/bin/mummer /home/kakitone/tmpkk/datafolder/readToContigHeader18.ntref 59.94
# reading input file "/home/kakitone/tmpkk/datafolder/split_18_tmpraw_reads.fasta" ...
# CONSTRUCTIONTIME /usr/bin/mummer /home/kakitone/tmpkk/datafolder/readToContigHeader11.ntref 60.07
# reading input file "/home/kakitone/tmpkk/datafolder/split_11_tmpraw_reads.fasta" ...
# CONSTRUCTIONTIME /usr/bin/mummer /home/kakitone/tmpkk/datafolder/readToContigHeader01.ntref 60.20
# reading input file "/home/kakitone/tmpkk/datafolder/split_01_tmpraw_reads.fasta" .
# CONSTRUCTIONTIME /usr/bin/mummer /home/kakitone/tmpkk/datafolder/readToContigHeader16.ntref 60.05
# reading input file "/home/kakitone/tmpkk/datafolder/split_16_tmpraw_reads.fasta" .of length 35385891
# matching query-file "/home/kakitone/tmpkk/datafolder/split_18_tmpraw_reads.fasta"
# against subject-file "/home/kakitone/tmpkk/datafolder/readToContigHeader18.ntref"
.....of length 36036648
# matching query-file "/home/kakitone/tmpkk/datafolder/split_11_tmpraw_reads.fasta"
# against subject-file "/home/kakitone/tmpkk/datafolder/readToContigHeader11.ntref"
..of length 35842590
# matching query-file "/home/kakitone/tmpkk/datafolder/split_01_tmpraw_reads.fasta"
# against subject-file "/home/kakitone/tmpkk/datafolder/readToContigHeader01.ntref"
of length 35656880
# matching query-file "/home/kakitone/tmpkk/datafolder/split_16_tmpraw_reads.fasta"
# against subject-file "/home/kakitone/tmpkk/datafolder/readToContigHeader16.ntref"
.....
# CONSTRUCTIONTIME /usr/bin/mummer /home/kakitone/tmpkk/datafolder/readToContigHeader13.ntref 61.08
# reading input file "/home/kakitone/tmpkk/datafolder/split_13_tmpraw_reads.fasta" .......of length 36211128
# matching query-file "/home/kakitone/tmpkk/datafolder/split_13_tmpraw_reads.fasta"
# against subject-file "/home/kakitone/tmpkk/datafolder/readToContigHeader13.ntref"
..
# CONSTRUCTIONTIME /usr/bin/mummer /home/kakitone/tmpkk/datafolder/readToContigHeader05.ntref 61.06
# reading input file "/home/kakitone/tmpkk/datafolder/split_05_tmpraw_reads.fasta" .
# CONSTRUCTIONTIME /usr/bin/mummer /home/kakitone/tmpkk/datafolder/readToContigHeader12.ntref 61.47
# reading input file "/home/kakitone/tmpkk/datafolder/split_12_tmpraw_reads.fasta" .
# CONSTRUCTIONTIME /usr/bin/mummer /home/kakitone/tmpkk/datafolder/readToContigHeader06.ntref 61.48
# reading input file "/home/kakitone/tmpkk/datafolder/split_06_tmpraw_reads.fasta" .
# CONSTRUCTIONTIME /usr/bin/mummer /home/kakitone/tmpkk/datafolder/readToContigHeader07.ntref 61.54
# reading input file "/home/kakitone/tmpkk/datafolder/split_07_tmpraw_reads.fasta" .
# CONSTRUCTIONTIME /usr/bin/mummer /home/kakitone/tmpkk/datafolder/readToContigHeader10.ntref 61.54
# reading input file "/home/kakitone/tmpkk/datafolder/split_10_tmpraw_reads.fasta" .
# CONSTRUCTIONTIME /usr/bin/mummer /home/kakitone/tmpkk/datafolder/readToContigHeader09.ntref 61.47
# reading input file "/home/kakitone/tmpkk/datafolder/split_09_tmpraw_reads.fasta" .
# CONSTRUCTIONTIME /usr/bin/mummer /home/kakitone/tmpkk/datafolder/readToContigHeader04.ntref 61.60
# reading input file "/home/kakitone/tmpkk/datafolder/split_04_tmpraw_reads.fasta" of length 34742177
# matching query-file "/home/kakitone/tmpkk/datafolder/split_05_tmpraw_reads.fasta"
# against subject-file "/home/kakitone/tmpkk/datafolder/readToContigHeader05.ntref"
.of length 36631207
# matching query-file "/home/kakitone/tmpkk/datafolder/split_12_tmpraw_reads.fasta"
# against subject-file "/home/kakitone/tmpkk/datafolder/readToContigHeader12.ntref"
of length 34918412
# matching query-file "/home/kakitone/tmpkk/datafolder/split_06_tmpraw_reads.fasta"
# against subject-file "/home/kakitone/tmpkk/datafolder/readToContigHeader06.ntref"
.
# CONSTRUCTIONTIME /usr/bin/mummer /home/kakitone/tmpkk/datafolder/readToContigHeader17.ntref 61.57
# reading input file "/home/kakitone/tmpkk/datafolder/split_17_tmpraw_reads.fasta" ..
# CONSTRUCTIONTIME /usr/bin/mummer /home/kakitone/tmpkk/datafolder/readToContigHeader02.ntref 61.35
# reading input file "/home/kakitone/tmpkk/datafolder/split_02_tmpraw_reads.fasta" of length 34959888
# matching query-file "/home/kakitone/tmpkk/datafolder/split_07_tmpraw_reads.fasta"
# against subject-file "/home/kakitone/tmpkk/datafolder/readToContigHeader07.ntref"
of length 35254581
# matching query-file "/home/kakitone/tmpkk/datafolder/split_10_tmpraw_reads.fasta"
# against subject-file "/home/kakitone/tmpkk/datafolder/readToContigHeader10.ntref"
of length 34575363
# matching query-file "/home/kakitone/tmpkk/datafolder/split_09_tmpraw_reads.fasta"
# against subject-file "/home/kakitone/tmpkk/datafolder/readToContigHeader09.ntref"
of length 35143958
# matching query-file "/home/kakitone/tmpkk/datafolder/split_04_tmpraw_reads.fasta"
# against subject-file "/home/kakitone/tmpkk/datafolder/readToContigHeader04.ntref"
of length 35470418
# matching query-file "/home/kakitone/tmpkk/datafolder/split_17_tmpraw_reads.fasta"
# against subject-file "/home/kakitone/tmpkk/datafolder/readToContigHeader17.ntref"
of length 35522348
# matching query-file "/home/kakitone/tmpkk/datafolder/split_02_tmpraw_reads.fasta"
# against subject-file "/home/kakitone/tmpkk/datafolder/readToContigHeader02.ntref"
.....
# CONSTRUCTIONTIME /usr/bin/mummer /home/kakitone/tmpkk/datafolder/readToContigHeader00.ntref 63.65
# reading input file "/home/kakitone/tmpkk/datafolder/split_00_tmpraw_reads.fasta" .
# CONSTRUCTIONTIME /usr/bin/mummer /home/kakitone/tmpkk/datafolder/readToContigHeader14.ntref 63.55
# reading input file "/home/kakitone/tmpkk/datafolder/split_14_tmpraw_reads.fasta" of length 35026380
# matching query-file "/home/kakitone/tmpkk/datafolder/split_00_tmpraw_reads.fasta"
# against subject-file "/home/kakitone/tmpkk/datafolder/readToContigHeader00.ntref"
of length 36354984
# matching query-file "/home/kakitone/tmpkk/datafolder/split_14_tmpraw_reads.fasta"
# against subject-file "/home/kakitone/tmpkk/datafolder/readToContigHeader14.ntref"
# COMPLETETIME /usr/bin/mummer /home/kakitone/tmpkk/datafolder/readToContigHeader03.ntref 104.67
# SPACE /usr/bin/mummer /home/kakitone/tmpkk/datafolder/readToContigHeader03.ntref 130.44
4: FINISHING DATA
# COMPLETETIME /usr/bin/mummer /home/kakitone/tmpkk/datafolder/readToContigHeader15.ntref 106.19
# SPACE /usr/bin/mummer /home/kakitone/tmpkk/datafolder/readToContigHeader15.ntref 131.54
4: FINISHING DATA
# COMPLETETIME /usr/bin/mummer /home/kakitone/tmpkk/datafolder/readToContigHeader08.ntref 107.63
# SPACE /usr/bin/mummer /home/kakitone/tmpkk/datafolder/readToContigHeader08.ntref 130.69
4: FINISHING DATA
# COMPLETETIME /usr/bin/mummer /home/kakitone/tmpkk/datafolder/readToContigHeader11.ntref 107.72
# SPACE /usr/bin/mummer /home/kakitone/tmpkk/datafolder/readToContigHeader11.ntref 131.52
4: FINISHING DATA
# COMPLETETIME /usr/bin/mummer /home/kakitone/tmpkk/datafolder/readToContigHeader16.ntref 107.50
# SPACE /usr/bin/mummer /home/kakitone/tmpkk/datafolder/readToContigHeader16.ntref 131.14
4: FINISHING DATA
# COMPLETETIME /usr/bin/mummer /home/kakitone/tmpkk/datafolder/readToContigHeader18.ntref 109.06
# SPACE /usr/bin/mummer /home/kakitone/tmpkk/datafolder/readToContigHeader18.ntref 130.89
4: FINISHING DATA
# COMPLETETIME /usr/bin/mummer /home/kakitone/tmpkk/datafolder/readToContigHeader01.ntref 109.77
# SPACE /usr/bin/mummer /home/kakitone/tmpkk/datafolder/readToContigHeader01.ntref 131.25
4: FINISHING DATA
# COMPLETETIME /usr/bin/mummer /home/kakitone/tmpkk/datafolder/readToContigHeader05.ntref 109.68
# SPACE /usr/bin/mummer /home/kakitone/tmpkk/datafolder/readToContigHeader05.ntref 130.23
4: FINISHING DATA
# COMPLETETIME /usr/bin/mummer /home/kakitone/tmpkk/datafolder/readToContigHeader06.ntref 110.21
# SPACE /usr/bin/mummer /home/kakitone/tmpkk/datafolder/readToContigHeader06.ntref 130.40
4: FINISHING DATA
# COMPLETETIME /usr/bin/mummer /home/kakitone/tmpkk/datafolder/readToContigHeader07.ntref 110.17
# SPACE /usr/bin/mummer /home/kakitone/tmpkk/datafolder/readToContigHeader07.ntref 130.44
4: FINISHING DATA
# COMPLETETIME /usr/bin/mummer /home/kakitone/tmpkk/datafolder/readToContigHeader19.ntref 110.37
# SPACE /usr/bin/mummer /home/kakitone/tmpkk/datafolder/readToContigHeader19.ntref 130.87
4: FINISHING DATA
# COMPLETETIME /usr/bin/mummer /home/kakitone/tmpkk/datafolder/readToContigHeader13.ntref 111.21
# SPACE /usr/bin/mummer /home/kakitone/tmpkk/datafolder/readToContigHeader13.ntref 131.63
4: FINISHING DATA
# COMPLETETIME /usr/bin/mummer /home/kakitone/tmpkk/datafolder/readToContigHeader12.ntref 112.14
# SPACE /usr/bin/mummer /home/kakitone/tmpkk/datafolder/readToContigHeader12.ntref 132.10
4: FINISHING DATA
# COMPLETETIME /usr/bin/mummer /home/kakitone/tmpkk/datafolder/readToContigHeader02.ntref 112.27
# SPACE /usr/bin/mummer /home/kakitone/tmpkk/datafolder/readToContigHeader02.ntref 130.98
4: FINISHING DATA
# COMPLETETIME /usr/bin/mummer /home/kakitone/tmpkk/datafolder/readToContigHeader10.ntref 112.90
# SPACE /usr/bin/mummer /home/kakitone/tmpkk/datafolder/readToContigHeader10.ntref 130.76
4: FINISHING DATA
# COMPLETETIME /usr/bin/mummer /home/kakitone/tmpkk/datafolder/readToContigHeader09.ntref 112.97
# SPACE /usr/bin/mummer /home/kakitone/tmpkk/datafolder/readToContigHeader09.ntref 130.10
4: FINISHING DATA
# COMPLETETIME /usr/bin/mummer /home/kakitone/tmpkk/datafolder/readToContigHeader17.ntref 113.19
# SPACE /usr/bin/mummer /home/kakitone/tmpkk/datafolder/readToContigHeader17.ntref 130.98
4: FINISHING DATA
# COMPLETETIME /usr/bin/mummer /home/kakitone/tmpkk/datafolder/readToContigHeader00.ntref 114.72
# SPACE /usr/bin/mummer /home/kakitone/tmpkk/datafolder/readToContigHeader00.ntref 130.45
4: FINISHING DATA
# COMPLETETIME /usr/bin/mummer /home/kakitone/tmpkk/datafolder/readToContigHeader14.ntref 119.14
# SPACE /usr/bin/mummer /home/kakitone/tmpkk/datafolder/readToContigHeader14.ntref 131.79
4: FINISHING DATA
# COMPLETETIME /usr/bin/mummer /home/kakitone/tmpkk/datafolder/readToContigHeader04.ntref 121.98
# SPACE /usr/bin/mummer /home/kakitone/tmpkk/datafolder/readToContigHeader04.ntref 130.62
4: FINISHING DATA
Time 475.707201958
Time 53.6225919724
Time 54.0798048973
Hello
Time 586.460998058
Time 54.1485481262
Time 54.544809103
Time 54.3802549839
Time 55.5951890945
Time 54.3204779625
Time 53.8670148849
Time 54.3660969734
Time 54.1883459091
Time 58.0007169247
Time 54.9736700058
/home/kakitone/quast-2.3/quast.py -R /home/kakitone/tmpkk/datafolder/reference.fasta /home/kakitone/tmpkk/datafolder/contigs.fasta /home/kakitone/tmpkk/datafolder/imp_0.fasta /home/kakitone/tmpkk/datafolder/imp_1.fasta /home/kakitone/tmpkk/datafolder/imp_2.fasta /home/kakitone/tmpkk/datafolder/imp_3.fasta /home/kakitone/tmpkk/datafolder/imp_4.fasta /home/kakitone/tmpkk/datafolder/imp_5.fasta /home/kakitone/tmpkk/datafolder/imp_6.fasta /home/kakitone/tmpkk/datafolder/imp_7.fasta /home/kakitone/tmpkk/datafolder/imp_8.fasta /home/kakitone/tmpkk/datafolder/imp_9.fasta

Version 2.3, build 28.02.2014 16:10

System information:
  OS: Linux-3.13.0-74-generic-x86_64-with-Ubuntu-14.04-trusty (linux_64)
  Python version: 2.7.5
  CPUs number: 64

Started: 2016-01-03 17:38:57

Logging to /home/kakitone/postme/quast_results/results_2016_01_03_17_38_57/quast.log

NOTICE: Maximum number of threads is set to 64 (use --threads option to set it manually)

Reference:
  /home/kakitone/tmpkk/datafolder/reference.fasta ==> reference

Contigs:
  /home/kakitone/tmpkk/datafolder/contigs.fasta ==> contigs
  /home/kakitone/tmpkk/datafolder/imp_0.fasta ==> imp_0
  /home/kakitone/tmpkk/datafolder/imp_1.fasta ==> imp_1
  /home/kakitone/tmpkk/datafolder/imp_2.fasta ==> imp_2
  /home/kakitone/tmpkk/datafolder/imp_3.fasta ==> imp_3
  /home/kakitone/tmpkk/datafolder/imp_4.fasta ==> imp_4
  /home/kakitone/tmpkk/datafolder/imp_5.fasta ==> imp_5
  /home/kakitone/tmpkk/datafolder/imp_6.fasta ==> imp_6
  /home/kakitone/tmpkk/datafolder/imp_7.fasta ==> imp_7
  /home/kakitone/tmpkk/datafolder/imp_8.fasta ==> imp_8
  /home/kakitone/tmpkk/datafolder/imp_9.fasta ==> imp_9

2016-01-03 17:40:17
Running Basic statistics processor...
  Reference genome:
    reference.fasta, Reference length = 104990043, Reference GC % = 53.52
  Contig files: 
    1  contigs
    2  imp_0
    3  imp_1
    4  imp_2
    5  imp_3
    6  imp_4
    7  imp_5
    8  imp_6
    9  imp_7
    10 imp_8
    11 imp_9
  Calculating N50 and L50...
    1  contigs, N50 = 161437, L50 = 121, Total length = 95718864, GC % = 52.20, # N's per 100 kbp =  0.00
    2  imp_0, N50 = 162823, L50 = 120, Total length = 95724000, GC % = 52.20, # N's per 100 kbp =  0.00
    3  imp_1, N50 = 162823, L50 = 120, Total length = 95726398, GC % = 52.20, # N's per 100 kbp =  0.00
    4  imp_2, N50 = 162823, L50 = 120, Total length = 95725113, GC % = 52.20, # N's per 100 kbp =  0.00
    5  imp_3, N50 = 162823, L50 = 120, Total length = 95725036, GC % = 52.20, # N's per 100 kbp =  0.00
    6  imp_4, N50 = 162823, L50 = 120, Total length = 95725417, GC % = 52.20, # N's per 100 kbp =  0.00
    7  imp_5, N50 = 161747, L50 = 121, Total length = 95721983, GC % = 52.20, # N's per 100 kbp =  0.00
    8  imp_6, N50 = 161747, L50 = 121, Total length = 95722380, GC % = 52.20, # N's per 100 kbp =  0.00
    9  imp_7, N50 = 161747, L50 = 121, Total length = 95722380, GC % = 52.20, # N's per 100 kbp =  0.00
    10 imp_8, N50 = 161747, L50 = 121, Total length = 95722233, GC % = 52.20, # N's per 100 kbp =  0.00
    11 imp_9, N50 = 161747, L50 = 121, Total length = 95722233, GC % = 52.20, # N's per 100 kbp =  0.00
  Drawing cumulative plot...
    saved to /home/kakitone/postme/quast_results/results_2016_01_03_17_38_57/basic_stats/cumulative_plot.pdf
  Drawing GC content plot...
    saved to /home/kakitone/postme/quast_results/results_2016_01_03_17_38_57/basic_stats/GC_content_plot.pdf
  Drawing Nx plot...
    saved to /home/kakitone/postme/quast_results/results_2016_01_03_17_38_57/basic_stats/Nx_plot.pdf
  Drawing NGx plot...
    saved to /home/kakitone/postme/quast_results/results_2016_01_03_17_38_57/basic_stats/NGx_plot.pdf
Done.

2016-01-03 17:41:34
Running Contig analyzer...
  1  contigs
  1  Logging to files /home/kakitone/postme/quast_results/results_2016_01_03_17_38_57/contigs_reports/contigs_report_contigs.stdout and contigs_report_contigs.stderr...
  2  imp_0
  1  Running Nucmer
  3  imp_1
  2  Logging to files /home/kakitone/postme/quast_results/results_2016_01_03_17_38_57/contigs_reports/contigs_report_imp_0.stdout and contigs_report_imp_0.stderr...
  3  Logging to files /home/kakitone/postme/quast_results/results_2016_01_03_17_38_57/contigs_reports/contigs_report_imp_1.stdout and contigs_report_imp_1.stderr...
  4  imp_2
  2  Running Nucmer
  5  imp_3
  3  Running Nucmer
  4  Logging to files /home/kakitone/postme/quast_results/results_2016_01_03_17_38_57/contigs_reports/contigs_report_imp_2.stdout and contigs_report_imp_2.stderr...
  5  Logging to files /home/kakitone/postme/quast_results/results_2016_01_03_17_38_57/contigs_reports/contigs_report_imp_3.stdout and contigs_report_imp_3.stderr...
  5  Running Nucmer
  6  imp_4
  6  Logging to files /home/kakitone/postme/quast_results/results_2016_01_03_17_38_57/contigs_reports/contigs_report_imp_4.stdout and contigs_report_imp_4.stderr...
  6  Running Nucmer
  7  imp_5
  9  imp_7
  8  imp_6
  7  Logging to files /home/kakitone/postme/quast_results/results_2016_01_03_17_38_57/contigs_reports/contigs_report_imp_5.stdout and contigs_report_imp_5.stderr...
  9  Logging to files /home/kakitone/postme/quast_results/results_2016_01_03_17_38_57/contigs_reports/contigs_report_imp_7.stdout and contigs_report_imp_7.stderr...
  10 imp_8
  8  Logging to files /home/kakitone/postme/quast_results/results_2016_01_03_17_38_57/contigs_reports/contigs_report_imp_6.stdout and contigs_report_imp_6.stderr...
  11 imp_9
  7  Running Nucmer
  9  Running Nucmer
  8  Running Nucmer
  10 Logging to files /home/kakitone/postme/quast_results/results_2016_01_03_17_38_57/contigs_reports/contigs_report_imp_8.stdout and contigs_report_imp_8.stderr...
  11 Logging to files /home/kakitone/postme/quast_results/results_2016_01_03_17_38_57/contigs_reports/contigs_report_imp_9.stdout and contigs_report_imp_9.stderr...
  10 Running Nucmer
  11 Running Nucmer
  4  Running Nucmer
  10 Analysis is finished.
  11 Analysis is finished.
  5  Analysis is finished.
  1  Analysis is finished.
  2  Analysis is finished.
  4  Analysis is finished.
  8  Analysis is finished.
  9  Analysis is finished.
  3  Analysis is finished.
  6  Analysis is finished.
  7  Analysis is finished.
  Creating total report...
    saved to /home/kakitone/postme/quast_results/results_2016_01_03_17_38_57/contigs_reports/misassemblies_report.txt, misassemblies_report.tsv, and misassemblies_report.tex
  Creating total report...
    saved to /home/kakitone/postme/quast_results/results_2016_01_03_17_38_57/contigs_reports/unaligned_report.txt, unaligned_report.tsv, and unaligned_report.tex
Done.

2016-01-03 17:48:53
Running NA-NGA calculation...
  1  contigs, Largest alignment = 1687927, NA50 = 159491, NGA50 = 123792, LA50 = 125, LGA50 = 158
  2  imp_0, Largest alignment = 1687927, NA50 = 159491, NGA50 = 123792, LA50 = 125, LGA50 = 158
  3  imp_1, Largest alignment = 1687927, NA50 = 159491, NGA50 = 127388, LA50 = 125, LGA50 = 158
  4  imp_2, Largest alignment = 1687927, NA50 = 159491, NGA50 = 127388, LA50 = 125, LGA50 = 158
  5  imp_3, Largest alignment = 1687927, NA50 = 159491, NGA50 = 127388, LA50 = 125, LGA50 = 158
  6  imp_4, Largest alignment = 1687927, NA50 = 159491, NGA50 = 127388, LA50 = 125, LGA50 = 158
  7  imp_5, Largest alignment = 1687927, NA50 = 159491, NGA50 = 123792, LA50 = 125, LGA50 = 158
  8  imp_6, Largest alignment = 1687927, NA50 = 159491, NGA50 = 123792, LA50 = 125, LGA50 = 158
  9  imp_7, Largest alignment = 1687927, NA50 = 159491, NGA50 = 123792, LA50 = 125, LGA50 = 158
  10 imp_8, Largest alignment = 1687927, NA50 = 159491, NGA50 = 123792, LA50 = 125, LGA50 = 158
  11 imp_9, Largest alignment = 1687927, NA50 = 159491, NGA50 = 123792, LA50 = 125, LGA50 = 158
  Drawing cumulative plot...
    saved to /home/kakitone/postme/quast_results/results_2016_01_03_17_38_57/aligned_stats/cumulative_plot.pdf
  Drawing NAx plot...
    saved to /home/kakitone/postme/quast_results/results_2016_01_03_17_38_57/aligned_stats/NAx_plot.pdf
  Drawing NGAx plot...
    saved to /home/kakitone/postme/quast_results/results_2016_01_03_17_38_57/aligned_stats/NGAx_plot.pdf
Done.

2016-01-03 17:49:12
Running Genome analyzer...
  NOTICE: No file with genes provided. Use the -G option if you want to specify it.
  NOTICE: No file with operons provided. Use the -O option if you want to specify it.
  1  contigs
  2  imp_0
  3  imp_1
  4  imp_2
  6  imp_4
  7  imp_5
  8  imp_6
  9  imp_7
  5  imp_3
  10 imp_8
  11 imp_9
  1  Analysis is finished.
  4  Analysis is finished.
  8  Analysis is finished.
  7  Analysis is finished.
  2  Analysis is finished.
  9  Analysis is finished.
  6  Analysis is finished.
  10 Analysis is finished.
  5  Analysis is finished.
  3  Analysis is finished.
  11 Analysis is finished.
  Drawing Genome fraction, % histogram...
    saved to /home/kakitone/postme/quast_results/results_2016_01_03_17_38_57/genome_stats/genome_fraction_histogram.pdf
Done.

NOTICE: Genes are not predicted by default. Use --gene-finding option to enable it.

2016-01-03 17:49:52
Drawing large plots...
This may take a while: press Ctrl-C to skip this step..
  1 of 2: Creating contig alignment plot...
  2 of 2: Creating PDF with all tables and plots...
Done

2016-01-03 17:51:37
RESULTS:
  Text versions of total report are saved to /home/kakitone/postme/quast_results/results_2016_01_03_17_38_57/report.txt, report.tsv, and report.tex
  Text versions of transposed total report are saved to /home/kakitone/postme/quast_results/results_2016_01_03_17_38_57/transposed_report.txt, transposed_report.tsv, and transposed_report.tex
  HTML version (interactive tables and plots) saved to /home/kakitone/postme/quast_results/results_2016_01_03_17_38_57/report.html
  PDF version (tables and plots) saved to /home/kakitone/postme/quast_results/results_2016_01_03_17_38_57/report.pdf
  Contig alignment plot: /home/kakitone/postme/quast_results/results_2016_01_03_17_38_57/alignment.svg
  Log saved to /home/kakitone/postme/quast_results/results_2016_01_03_17_38_57/quast.log

Finished: 2016-01-03 17:51:37
Elapsed time: 0:12:40.131869
NOTICEs: 4; WARNINGs: 0; non-fatal ERRORs: 0

Thank you for using QUAST!
[4607, 4499, 4491, 4489, 4488, 4487, 4545, 4544, 4544, 4542, 4542] [109, 119, 121, 122, 122, 122, 110, 110, 110, 111, 111]
Time 1325.21098709
